2023-09-21T19:28:53.172+03:00  INFO 9660 --- [restartedMain] c.innova.ecommerce.ECommerceApplication  : Starting ECommerceApplication using Java 17.0.8 with PID 9660 (C:\Users\asus\Desktop\e-commerce\e-commerce\target\classes started by asus in C:\Users\asus\Desktop\e-commerce)
2023-09-21T19:28:53.178+03:00  INFO 9660 --- [restartedMain] c.innova.ecommerce.ECommerceApplication  : No active profile set, falling back to 1 default profile: "default"
2023-09-21T19:28:53.226+03:00  INFO 9660 --- [restartedMain] .e.DevToolsPropertyDefaultsPostProcessor : Devtools property defaults active! Set 'spring.devtools.add-properties' to 'false' to disable
2023-09-21T19:28:53.227+03:00  INFO 9660 --- [restartedMain] .e.DevToolsPropertyDefaultsPostProcessor : For additional web related logging consider setting the 'logging.level.web' property to 'DEBUG'
2023-09-21T19:28:54.534+03:00  INFO 9660 --- [restartedMain] .s.d.r.c.RepositoryConfigurationDelegate : Bootstrapping Spring Data JPA repositories in DEFAULT mode.
2023-09-21T19:28:54.644+03:00  INFO 9660 --- [restartedMain] .s.d.r.c.RepositoryConfigurationDelegate : Finished Spring Data repository scanning in 100 ms. Found 7 JPA repository interfaces.
2023-09-21T19:28:55.414+03:00  INFO 9660 --- [restartedMain] o.s.b.w.embedded.tomcat.TomcatWebServer  : Tomcat initialized with port(s): 8080 (http)
2023-09-21T19:28:55.425+03:00  INFO 9660 --- [restartedMain] o.apache.catalina.core.StandardService   : Starting service [Tomcat]
2023-09-21T19:28:55.426+03:00  INFO 9660 --- [restartedMain] o.apache.catalina.core.StandardEngine    : Starting Servlet engine: [Apache Tomcat/10.1.4]
2023-09-21T19:28:55.492+03:00  INFO 9660 --- [restartedMain] o.a.c.c.C.[Tomcat].[localhost].[/]       : Initializing Spring embedded WebApplicationContext
2023-09-21T19:28:55.492+03:00  INFO 9660 --- [restartedMain] w.s.c.ServletWebServerApplicationContext : Root WebApplicationContext: initialization completed in 2265 ms
2023-09-21T19:28:55.804+03:00  INFO 9660 --- [restartedMain] o.hibernate.jpa.internal.util.LogHelper  : HHH000204: Processing PersistenceUnitInfo [name: default]
2023-09-21T19:28:55.890+03:00  INFO 9660 --- [restartedMain] org.hibernate.Version                    : HHH000412: Hibernate ORM core version 6.1.6.Final
2023-09-21T19:28:56.078+03:00  WARN 9660 --- [restartedMain] org.hibernate.orm.deprecation            : HHH90000021: Encountered deprecated setting [javax.persistence.sharedCache.mode], use [jakarta.persistence.sharedCache.mode] instead
2023-09-21T19:28:56.212+03:00  INFO 9660 --- [restartedMain] com.zaxxer.hikari.HikariDataSource       : HikariPool-1 - Starting...
2023-09-21T19:28:56.461+03:00  INFO 9660 --- [restartedMain] com.zaxxer.hikari.pool.HikariPool        : HikariPool-1 - Added connection org.postgresql.jdbc.PgConnection@1843e146
2023-09-21T19:28:56.463+03:00  INFO 9660 --- [restartedMain] com.zaxxer.hikari.HikariDataSource       : HikariPool-1 - Start completed.
2023-09-21T19:28:56.561+03:00  INFO 9660 --- [restartedMain] SQL dialect                              : HHH000400: Using dialect: org.hibernate.dialect.PostgreSQLDialect
2023-09-21T19:28:57.916+03:00  INFO 9660 --- [restartedMain] o.h.e.t.j.p.i.JtaPlatformInitiator       : HHH000490: Using JtaPlatform implementation: [org.hibernate.engine.transaction.jta.platform.internal.NoJtaPlatform]
2023-09-21T19:28:57.926+03:00  INFO 9660 --- [restartedMain] j.LocalContainerEntityManagerFactoryBean : Initialized JPA EntityManagerFactory for persistence unit 'default'
2023-09-21T19:28:59.038+03:00  WARN 9660 --- [restartedMain] JpaBaseConfiguration$JpaWebConfiguration : spring.jpa.open-in-view is enabled by default. Therefore, database queries may be performed during view rendering. Explicitly configure spring.jpa.open-in-view to disable this warning
2023-09-21T19:28:59.511+03:00  INFO 9660 --- [restartedMain] o.s.b.a.e.web.EndpointLinksResolver      : Exposing 1 endpoint(s) beneath base path '/actuator'
2023-09-21T19:28:59.588+03:00  INFO 9660 --- [restartedMain] o.s.s.web.DefaultSecurityFilterChain     : Will secure any request with [org.springframework.security.web.session.DisableEncodeUrlFilter@136c7f26, org.springframework.security.web.context.request.async.WebAsyncManagerIntegrationFilter@4bd72dc, org.springframework.security.web.context.SecurityContextHolderFilter@78cb950a, org.springframework.security.web.header.HeaderWriterFilter@6b051d07, org.springframework.security.web.authentication.logout.LogoutFilter@2e2c1d55, org.springframework.security.web.authentication.UsernamePasswordAuthenticationFilter@1fa0589d, org.springframework.security.web.authentication.ui.DefaultLoginPageGeneratingFilter@1c5b76b4, org.springframework.security.web.authentication.ui.DefaultLogoutPageGeneratingFilter@54e66f31, org.springframework.security.web.authentication.www.BasicAuthenticationFilter@5288b9de, org.springframework.security.web.savedrequest.RequestCacheAwareFilter@580be62f, org.springframework.security.web.servletapi.SecurityContextHolderAwareRequestFilter@371b55a9, org.springframework.security.web.authentication.AnonymousAuthenticationFilter@5d7cb4fc, org.springframework.security.web.access.ExceptionTranslationFilter@7d64a0cb, org.springframework.security.web.access.intercept.AuthorizationFilter@43ac6568]
2023-09-21T19:29:00.031+03:00  INFO 9660 --- [restartedMain] o.s.b.d.a.OptionalLiveReloadServer       : LiveReload server is running on port 35729
2023-09-21T19:29:00.112+03:00  INFO 9660 --- [restartedMain] o.s.b.w.embedded.tomcat.TomcatWebServer  : Tomcat started on port(s): 8080 (http) with context path ''
2023-09-21T19:29:00.128+03:00  INFO 9660 --- [restartedMain] c.innova.ecommerce.ECommerceApplication  : Started ECommerceApplication in 7.421 seconds (process running for 9.199)
2023-09-21T19:29:00.434+03:00  INFO 9660 --- [RMI TCP Connection(1)-192.168.1.105] o.a.c.c.C.[Tomcat].[localhost].[/]       : Initializing Spring DispatcherServlet 'dispatcherServlet'
2023-09-21T19:29:00.435+03:00  INFO 9660 --- [RMI TCP Connection(1)-192.168.1.105] o.s.web.servlet.DispatcherServlet        : Initializing Servlet 'dispatcherServlet'
2023-09-21T19:29:00.437+03:00  INFO 9660 --- [RMI TCP Connection(1)-192.168.1.105] o.s.web.servlet.DispatcherServlet        : Completed initialization in 2 ms
2023-09-21T19:29:05.009+03:00  INFO 9660 --- [SpringApplicationShutdownHook] j.LocalContainerEntityManagerFactoryBean : Closing JPA EntityManagerFactory for persistence unit 'default'
2023-09-21T19:29:05.014+03:00  INFO 9660 --- [SpringApplicationShutdownHook] com.zaxxer.hikari.HikariDataSource       : HikariPool-1 - Shutdown initiated...
2023-09-21T19:29:05.017+03:00  INFO 9660 --- [SpringApplicationShutdownHook] com.zaxxer.hikari.HikariDataSource       : HikariPool-1 - Shutdown completed.
2023-09-21T20:19:40.802+03:00  INFO 21256 --- [restartedMain] c.innova.ecommerce.ECommerceApplication  : Starting ECommerceApplication using Java 17.0.8 with PID 21256 (C:\Users\asus\Desktop\e-commerce\e-commerce\target\classes started by asus in C:\Users\asus\Desktop\e-commerce)
2023-09-21T20:19:40.805+03:00  INFO 21256 --- [restartedMain] c.innova.ecommerce.ECommerceApplication  : No active profile set, falling back to 1 default profile: "default"
2023-09-21T20:19:40.858+03:00  INFO 21256 --- [restartedMain] .e.DevToolsPropertyDefaultsPostProcessor : Devtools property defaults active! Set 'spring.devtools.add-properties' to 'false' to disable
2023-09-21T20:19:40.858+03:00  INFO 21256 --- [restartedMain] .e.DevToolsPropertyDefaultsPostProcessor : For additional web related logging consider setting the 'logging.level.web' property to 'DEBUG'
2023-09-21T20:19:42.082+03:00  INFO 21256 --- [restartedMain] .s.d.r.c.RepositoryConfigurationDelegate : Bootstrapping Spring Data JPA repositories in DEFAULT mode.
2023-09-21T20:19:42.186+03:00  INFO 21256 --- [restartedMain] .s.d.r.c.RepositoryConfigurationDelegate : Finished Spring Data repository scanning in 95 ms. Found 7 JPA repository interfaces.
2023-09-21T20:19:42.935+03:00  INFO 21256 --- [restartedMain] o.s.b.w.embedded.tomcat.TomcatWebServer  : Tomcat initialized with port(s): 8080 (http)
2023-09-21T20:19:42.946+03:00  INFO 21256 --- [restartedMain] o.apache.catalina.core.StandardService   : Starting service [Tomcat]
2023-09-21T20:19:42.946+03:00  INFO 21256 --- [restartedMain] o.apache.catalina.core.StandardEngine    : Starting Servlet engine: [Apache Tomcat/10.1.4]
2023-09-21T20:19:43.011+03:00  INFO 21256 --- [restartedMain] o.a.c.c.C.[Tomcat].[localhost].[/]       : Initializing Spring embedded WebApplicationContext
2023-09-21T20:19:43.012+03:00  INFO 21256 --- [restartedMain] w.s.c.ServletWebServerApplicationContext : Root WebApplicationContext: initialization completed in 2154 ms
2023-09-21T20:19:43.329+03:00  INFO 21256 --- [restartedMain] o.hibernate.jpa.internal.util.LogHelper  : HHH000204: Processing PersistenceUnitInfo [name: default]
2023-09-21T20:19:43.418+03:00  INFO 21256 --- [restartedMain] org.hibernate.Version                    : HHH000412: Hibernate ORM core version 6.1.6.Final
2023-09-21T20:19:43.630+03:00  WARN 21256 --- [restartedMain] org.hibernate.orm.deprecation            : HHH90000021: Encountered deprecated setting [javax.persistence.sharedCache.mode], use [jakarta.persistence.sharedCache.mode] instead
2023-09-21T20:19:43.744+03:00  INFO 21256 --- [restartedMain] com.zaxxer.hikari.HikariDataSource       : HikariPool-1 - Starting...
2023-09-21T20:19:43.940+03:00  INFO 21256 --- [restartedMain] com.zaxxer.hikari.pool.HikariPool        : HikariPool-1 - Added connection org.postgresql.jdbc.PgConnection@719e2e50
2023-09-21T20:19:43.942+03:00  INFO 21256 --- [restartedMain] com.zaxxer.hikari.HikariDataSource       : HikariPool-1 - Start completed.
2023-09-21T20:19:44.008+03:00  INFO 21256 --- [restartedMain] SQL dialect                              : HHH000400: Using dialect: org.hibernate.dialect.PostgreSQLDialect
2023-09-21T20:19:45.191+03:00  INFO 21256 --- [restartedMain] o.h.e.t.j.p.i.JtaPlatformInitiator       : HHH000490: Using JtaPlatform implementation: [org.hibernate.engine.transaction.jta.platform.internal.NoJtaPlatform]
2023-09-21T20:19:45.201+03:00  INFO 21256 --- [restartedMain] j.LocalContainerEntityManagerFactoryBean : Initialized JPA EntityManagerFactory for persistence unit 'default'
2023-09-21T20:19:46.189+03:00  WARN 21256 --- [restartedMain] JpaBaseConfiguration$JpaWebConfiguration : spring.jpa.open-in-view is enabled by default. Therefore, database queries may be performed during view rendering. Explicitly configure spring.jpa.open-in-view to disable this warning
2023-09-21T20:19:46.655+03:00  INFO 21256 --- [restartedMain] o.s.b.a.e.web.EndpointLinksResolver      : Exposing 1 endpoint(s) beneath base path '/actuator'
2023-09-21T20:19:46.731+03:00  INFO 21256 --- [restartedMain] o.s.s.web.DefaultSecurityFilterChain     : Will secure any request with [org.springframework.security.web.session.DisableEncodeUrlFilter@59310326, org.springframework.security.web.context.request.async.WebAsyncManagerIntegrationFilter@74dbe9e9, org.springframework.security.web.context.SecurityContextHolderFilter@4c47b360, org.springframework.security.web.header.HeaderWriterFilter@8b5067e, org.springframework.security.web.authentication.logout.LogoutFilter@366538d5, org.springframework.security.web.authentication.UsernamePasswordAuthenticationFilter@5497b981, org.springframework.security.web.authentication.ui.DefaultLoginPageGeneratingFilter@632454b4, org.springframework.security.web.authentication.ui.DefaultLogoutPageGeneratingFilter@630527d0, org.springframework.security.web.authentication.www.BasicAuthenticationFilter@27315ecf, org.springframework.security.web.savedrequest.RequestCacheAwareFilter@72a563c2, org.springframework.security.web.servletapi.SecurityContextHolderAwareRequestFilter@33c157ec, org.springframework.security.web.authentication.AnonymousAuthenticationFilter@5ebcddc9, org.springframework.security.web.access.ExceptionTranslationFilter@7fd6552d, org.springframework.security.web.access.intercept.AuthorizationFilter@4b1bd2cc]
2023-09-21T20:19:47.115+03:00  INFO 21256 --- [restartedMain] o.s.b.d.a.OptionalLiveReloadServer       : LiveReload server is running on port 35729
2023-09-21T20:19:47.210+03:00  INFO 21256 --- [restartedMain] o.s.b.w.embedded.tomcat.TomcatWebServer  : Tomcat started on port(s): 8080 (http) with context path ''
2023-09-21T20:19:47.225+03:00  INFO 21256 --- [restartedMain] c.innova.ecommerce.ECommerceApplication  : Started ECommerceApplication in 6.892 seconds (process running for 7.966)
2023-09-21T20:19:47.776+03:00  INFO 21256 --- [RMI TCP Connection(4)-192.168.1.105] o.a.c.c.C.[Tomcat].[localhost].[/]       : Initializing Spring DispatcherServlet 'dispatcherServlet'
2023-09-21T20:19:47.776+03:00  INFO 21256 --- [RMI TCP Connection(4)-192.168.1.105] o.s.web.servlet.DispatcherServlet        : Initializing Servlet 'dispatcherServlet'
2023-09-21T20:19:47.778+03:00  INFO 21256 --- [RMI TCP Connection(4)-192.168.1.105] o.s.web.servlet.DispatcherServlet        : Completed initialization in 1 ms
2023-09-21T20:20:14.695+03:00  INFO 21256 --- [http-nio-8080-exec-1] o.springdoc.api.AbstractOpenApiResource  : Init duration for springdoc-openapi is: 743 ms
2023-09-21T20:24:22.879+03:00  INFO 21256 --- [SpringApplicationShutdownHook] j.LocalContainerEntityManagerFactoryBean : Closing JPA EntityManagerFactory for persistence unit 'default'
2023-09-21T20:24:22.885+03:00  INFO 21256 --- [SpringApplicationShutdownHook] com.zaxxer.hikari.HikariDataSource       : HikariPool-1 - Shutdown initiated...
2023-09-21T20:24:22.890+03:00  INFO 21256 --- [SpringApplicationShutdownHook] com.zaxxer.hikari.HikariDataSource       : HikariPool-1 - Shutdown completed.
